<?xml version="1.0" encoding="UTF-8"?>
<testsuite name="com.shopvintage.bidders.BiddersApplicationTests" tests="1" skipped="0" failures="0" errors="0" timestamp="2021-02-21T23:41:42" hostname="DESKTOP-2LEHM19" time="0.171">
  <properties/>
  <testcase name="contextLoads()" classname="com.shopvintage.bidders.BiddersApplicationTests" time="0.171"/>
  <system-out><![CDATA[18:41:32.898 [Test worker] DEBUG org.springframework.test.context.BootstrapUtils - Instantiating CacheAwareContextLoaderDelegate from class [org.springframework.test.context.cache.DefaultCacheAwareContextLoaderDelegate]
18:41:32.913 [Test worker] DEBUG org.springframework.test.context.BootstrapUtils - Instantiating BootstrapContext using constructor [public org.springframework.test.context.support.DefaultBootstrapContext(java.lang.Class,org.springframework.test.context.CacheAwareContextLoaderDelegate)]
18:41:32.959 [Test worker] DEBUG org.springframework.test.context.BootstrapUtils - Instantiating TestContextBootstrapper for test class [com.shopvintage.bidders.BiddersApplicationTests] from class [org.springframework.boot.test.context.SpringBootTestContextBootstrapper]
18:41:32.975 [Test worker] INFO org.springframework.boot.test.context.SpringBootTestContextBootstrapper - Neither @ContextConfiguration nor @ContextHierarchy found for test class [com.shopvintage.bidders.BiddersApplicationTests], using SpringBootContextLoader
18:41:32.979 [Test worker] DEBUG org.springframework.test.context.support.AbstractContextLoader - Did not detect default resource location for test class [com.shopvintage.bidders.BiddersApplicationTests]: class path resource [com/shopvintage/bidders/BiddersApplicationTests-context.xml] does not exist
18:41:32.980 [Test worker] DEBUG org.springframework.test.context.support.AbstractContextLoader - Did not detect default resource location for test class [com.shopvintage.bidders.BiddersApplicationTests]: class path resource [com/shopvintage/bidders/BiddersApplicationTestsContext.groovy] does not exist
18:41:32.981 [Test worker] INFO org.springframework.test.context.support.AbstractContextLoader - Could not detect default resource locations for test class [com.shopvintage.bidders.BiddersApplicationTests]: no resource found for suffixes {-context.xml, Context.groovy}.
18:41:32.982 [Test worker] INFO org.springframework.test.context.support.AnnotationConfigContextLoaderUtils - Could not detect default configuration classes for test class [com.shopvintage.bidders.BiddersApplicationTests]: BiddersApplicationTests does not declare any static, non-private, non-final, nested classes annotated with @Configuration.
18:41:33.035 [Test worker] DEBUG org.springframework.test.context.support.ActiveProfilesUtils - Could not find an 'annotation declaring class' for annotation type [org.springframework.test.context.ActiveProfiles] and class [com.shopvintage.bidders.BiddersApplicationTests]
18:41:33.113 [Test worker] DEBUG org.springframework.context.annotation.ClassPathScanningCandidateComponentProvider - Identified candidate component class: file [D:\Cursos\Udemy\JavaReactivo\ProyectosBC\bootcamp-shopvintage-bidders\build\classes\java\main\com\shopvintage\bidders\BiddersApplication.class]
18:41:33.114 [Test worker] INFO org.springframework.boot.test.context.SpringBootTestContextBootstrapper - Found @SpringBootConfiguration com.shopvintage.bidders.BiddersApplication for test class com.shopvintage.bidders.BiddersApplicationTests
18:41:33.237 [Test worker] DEBUG org.springframework.boot.test.context.SpringBootTestContextBootstrapper - @TestExecutionListeners is not present for class [com.shopvintage.bidders.BiddersApplicationTests]: using defaults.
18:41:33.238 [Test worker] INFO org.springframework.boot.test.context.SpringBootTestContextBootstrapper - Loaded default TestExecutionListener class names from location [META-INF/spring.factories]: [org.springframework.boot.test.autoconfigure.restdocs.RestDocsTestExecutionListener, org.springframework.boot.test.autoconfigure.web.client.MockRestServiceServerResetTestExecutionListener, org.springframework.boot.test.autoconfigure.web.servlet.MockMvcPrintOnlyOnFailureTestExecutionListener, org.springframework.boot.test.autoconfigure.web.servlet.WebDriverTestExecutionListener, org.springframework.boot.test.autoconfigure.webservices.client.MockWebServiceServerTestExecutionListener, org.springframework.boot.test.mock.mockito.MockitoTestExecutionListener, org.springframework.boot.test.mock.mockito.ResetMocksTestExecutionListener, org.springframework.test.context.web.ServletTestExecutionListener, org.springframework.test.context.support.DirtiesContextBeforeModesTestExecutionListener, org.springframework.test.context.event.ApplicationEventsTestExecutionListener, org.springframework.test.context.support.DependencyInjectionTestExecutionListener, org.springframework.test.context.support.DirtiesContextTestExecutionListener, org.springframework.test.context.transaction.TransactionalTestExecutionListener, org.springframework.test.context.jdbc.SqlScriptsTestExecutionListener, org.springframework.test.context.event.EventPublishingTestExecutionListener]
18:41:33.260 [Test worker] INFO org.springframework.boot.test.context.SpringBootTestContextBootstrapper - Using TestExecutionListeners: [org.springframework.test.context.web.ServletTestExecutionListener@462a5c8c, org.springframework.test.context.support.DirtiesContextBeforeModesTestExecutionListener@6fba77a4, org.springframework.test.context.event.ApplicationEventsTestExecutionListener@1547fde6, org.springframework.boot.test.mock.mockito.MockitoTestExecutionListener@cd4363e, org.springframework.boot.test.autoconfigure.SpringBootDependencyInjectionTestExecutionListener@180ed514, org.springframework.test.context.support.DirtiesContextTestExecutionListener@24b596e6, org.springframework.test.context.transaction.TransactionalTestExecutionListener@e37f75b, org.springframework.test.context.jdbc.SqlScriptsTestExecutionListener@237f5565, org.springframework.test.context.event.EventPublishingTestExecutionListener@4d37826b, org.springframework.boot.test.autoconfigure.restdocs.RestDocsTestExecutionListener@45bd3f8d, org.springframework.boot.test.autoconfigure.web.client.MockRestServiceServerResetTestExecutionListener@7481954e, org.springframework.boot.test.autoconfigure.web.servlet.MockMvcPrintOnlyOnFailureTestExecutionListener@2d8c22c6, org.springframework.boot.test.autoconfigure.web.servlet.WebDriverTestExecutionListener@5cd9d9c6, org.springframework.boot.test.autoconfigure.webservices.client.MockWebServiceServerTestExecutionListener@7034c487, org.springframework.boot.test.mock.mockito.ResetMocksTestExecutionListener@8e7142a]
18:41:33.264 [Test worker] DEBUG org.springframework.test.context.support.AbstractDirtiesContextTestExecutionListener - Before test class: context [DefaultTestContext@32e4b7ea testClass = BiddersApplicationTests, testInstance = [null], testMethod = [null], testException = [null], mergedContextConfiguration = [WebMergedContextConfiguration@59e7d1c7 testClass = BiddersApplicationTests, locations = '{}', classes = '{class com.shopvintage.bidders.BiddersApplication}', contextInitializerClasses = '[]', activeProfiles = '{}', propertySourceLocations = '{}', propertySourceProperties = '{org.springframework.boot.test.context.SpringBootTestContextBootstrapper=true}', contextCustomizers = set[org.springframework.boot.test.autoconfigure.actuate.metrics.MetricsExportContextCustomizerFactory$DisableMetricExportContextCustomizer@128cc953, org.springframework.boot.test.autoconfigure.properties.PropertyMappingContextCustomizer@0, org.springframework.boot.test.autoconfigure.web.servlet.WebDriverContextCustomizerFactory$Customizer@1a7aca9, org.springframework.boot.test.context.filter.ExcludeFilterContextCustomizer@25579161, org.springframework.boot.test.json.DuplicateJsonObjectContextCustomizerFactory$DuplicateJsonObjectContextCustomizer@5bffdf91, org.springframework.boot.test.mock.mockito.MockitoContextCustomizer@0, org.springframework.boot.test.web.client.TestRestTemplateContextCustomizer@fa828ed, org.springframework.boot.test.context.SpringBootTestArgs@1, org.springframework.boot.test.context.SpringBootTestWebEnvironment@4b858333], resourceBasePath = 'src/main/webapp', contextLoader = 'org.springframework.boot.test.context.SpringBootContextLoader', parent = [null]], attributes = map['org.springframework.test.context.web.ServletTestExecutionListener.activateListener' -> true]], class annotated with @DirtiesContext [false] with mode [null].
18:41:33.314 [Test worker] DEBUG org.springframework.test.context.support.TestPropertySourceUtils - Adding inlined properties to environment: {spring.jmx.enabled=false, org.springframework.boot.test.context.SpringBootTestContextBootstrapper=true}

  .   ____          _            __ _ _
 /\\ / ___'_ __ _ _(_)_ __  __ _ \ \ \ \
( ( )\___ | '_ | '_| | '_ \/ _` | \ \ \ \
 \\/  ___)| |_)| | | | | || (_| |  ) ) ) )
  '  |____| .__|_| |_|_| |_\__, | / / / /
 =========|_|==============|___/=/_/_/_/
 :: Spring Boot ::                (v2.4.3)

2021-02-21 18:41:33.677  INFO 8888 --- [    Test worker] c.s.bidders.BiddersApplicationTests      : Starting BiddersApplicationTests using Java 11.0.10 on DESKTOP-2LEHM19 with PID 8888 (started by Carlos in D:\Cursos\Udemy\JavaReactivo\ProyectosBC\bootcamp-shopvintage-bidders)
2021-02-21 18:41:33.682  INFO 8888 --- [    Test worker] c.s.bidders.BiddersApplicationTests      : No active profile set, falling back to default profiles: default
2021-02-21 18:41:34.638  INFO 8888 --- [    Test worker] .s.d.r.c.RepositoryConfigurationDelegate : Bootstrapping Spring Data JPA repositories in DEFAULT mode.
2021-02-21 18:41:34.721  INFO 8888 --- [    Test worker] .s.d.r.c.RepositoryConfigurationDelegate : Finished Spring Data repository scanning in 71 ms. Found 1 JPA repository interfaces.
2021-02-21 18:41:35.632  INFO 8888 --- [    Test worker] com.zaxxer.hikari.HikariDataSource       : HikariPool-1 - Starting...
2021-02-21 18:41:37.950  INFO 8888 --- [    Test worker] com.zaxxer.hikari.HikariDataSource       : HikariPool-1 - Start completed.
2021-02-21 18:41:38.022  INFO 8888 --- [    Test worker] o.hibernate.jpa.internal.util.LogHelper  : HHH000204: Processing PersistenceUnitInfo [name: default]
2021-02-21 18:41:38.083  INFO 8888 --- [    Test worker] org.hibernate.Version                    : HHH000412: Hibernate ORM core version 5.4.28.Final
2021-02-21 18:41:38.232  INFO 8888 --- [    Test worker] o.hibernate.annotations.common.Version   : HCANN000001: Hibernate Commons Annotations {5.1.2.Final}
2021-02-21 18:41:38.355  INFO 8888 --- [    Test worker] org.hibernate.dialect.Dialect            : HHH000400: Using dialect: org.hibernate.dialect.SQLServer2012Dialect
2021-02-21 18:41:40.235  INFO 8888 --- [    Test worker] o.h.e.t.j.p.i.JtaPlatformInitiator       : HHH000490: Using JtaPlatform implementation: [org.hibernate.engine.transaction.jta.platform.internal.NoJtaPlatform]
2021-02-21 18:41:40.246  INFO 8888 --- [    Test worker] j.LocalContainerEntityManagerFactoryBean : Initialized JPA EntityManagerFactory for persistence unit 'default'
2021-02-21 18:41:41.217  WARN 8888 --- [    Test worker] JpaBaseConfiguration$JpaWebConfiguration : spring.jpa.open-in-view is enabled by default. Therefore, database queries may be performed during view rendering. Explicitly configure spring.jpa.open-in-view to disable this warning
2021-02-21 18:41:41.569  INFO 8888 --- [    Test worker] o.s.s.concurrent.ThreadPoolTaskExecutor  : Initializing ExecutorService 'applicationTaskExecutor'
2021-02-21 18:41:42.137  INFO 8888 --- [    Test worker] c.s.bidders.BiddersApplicationTests      : Started BiddersApplicationTests in 8.814 seconds (JVM running for 10.472)
]]></system-out>
  <system-err><![CDATA[]]></system-err>
</testsuite>
